 
*** VICE Version 3.2, rev 34843M ***
 
Welcome to x64, the free portable C64 Emulator.
 
Current VICE team members:
Marco van den Heuvel, Fabrizio Gennari, Groepaz, Olaf Seibert, Marcus Sutton, 
Kajtar Zsolt, AreaScout, Bas Wassink, Michael C. Martin.
 
This is free software with ABSOLUTELY NO WARRANTY.
See the "About VICE" command for more info.
 
Loading system file `E:\Tools\WinVICE\C64\kernal'.
Loading system file `E:\Tools\WinVICE\C64\basic'.
Loading system file `E:\Tools\WinVICE\C64\chargen'.
Loading system file `E:\Tools\WinVICE\PRINTER\mps803'.
Palette: Loading palette `E:\Tools\WinVICE\PRINTER\mps803.vpl'.
Loading system file `E:\Tools\WinVICE\PRINTER\nl10-cbm'.
Palette: Loading palette `E:\Tools\WinVICE\PRINTER\nl10.vpl'.
NL10: Printer driver initialized.
Palette: Loading palette `E:\Tools\WinVICE\PRINTER\1520.vpl'.
Loading system file `E:\Tools\WinVICE\DRIVES\dos1540'.
Loading system file `E:\Tools\WinVICE\DRIVES\dos1541'.
Loading system file `E:\Tools\WinVICE\DRIVES\d1541II'.
Loading system file `E:\Tools\WinVICE\DRIVES\dos1570'.
Loading system file `E:\Tools\WinVICE\DRIVES\dos1571'.
Loading system file `E:\Tools\WinVICE\DRIVES\dos1581'.
DriveROM: Error - 2000 ROM image not found. Hardware-level 2000 emulation is not available.
DriveROM: Error - 4000 ROM image not found. Hardware-level 4000 emulation is not available.
Loading system file `E:\Tools\WinVICE\DRIVES\dos2031'.
Loading system file `E:\Tools\WinVICE\DRIVES\dos2040'.
Loading system file `E:\Tools\WinVICE\DRIVES\dos3040'.
Loading system file `E:\Tools\WinVICE\DRIVES\dos4040'.
Loading system file `E:\Tools\WinVICE\DRIVES\dos1001'.
Drive: Finished loading ROM images.
Palette: Loading palette `E:\Tools\WinVICE\C64\pepto-pal.vpl'.
video_dx9: Failed to prepare for rendering!
Sound: Available sound devices: dx wmm dummy fs dump wav voc iff aiff mp3 flac ogg soundmovie
Keyboard: Loading keymap `E:\Tools\WinVICE\C64\win_pos.vkm'.
AUTOSTART: Autodetecting image type of `raat06invitro.prg'.
Filesystem Image Probe: Error - Import GCR: Unknown GCR image version 50.
Filesystem Image: Unknown disk image `raat06invitro.prg'.
Tape: Error - Cannot open file `raat06invitro.prg'
Error - CRT header invalid.
CART: 'raat06invitro.prg' is not a valid CRT file.
AUTOSTART: Loading PRG file `raat06invitro.prg' with direct RAM injection.
AUTOSTART: Resetting the machine to autostart '*'
Sound: Opened device `dx', speed 44100Hz, fragment size 2.9ms, buffer size 101ms
reSID: MOS8580, filter on, sampling rate 44100Hz - resampling, pass to 19845Hz
AUTOSTART: Turning Warp mode on
AUTOSTART: `raat06invitro.prg' recognized as program/p00 file.
Main CPU: starting at ($FFFC).
Main CPU: RESET.
AUTOSTART: Injecting program data at $0801 (size $9f57)
AUTOSTART: Ready
AUTOSTART: Turning Warp mode off
AUTOSTART: Starting program.
AUTOSTART: Done.
Writing configuration file `C:\Users\Fero\AppData\Roaming\vice\3.2\vice.ini'.

Exiting...
Sound: Closing device `dx'
